# JRE version: OpenJDK Runtime Environment (8.0_152-b01) (build 1.8.0_152-release-1248-b01)
# Java VM: OpenJDK 64-Bit Server VM (25.152-b01 mixed mode windows-amd64 compressed oops)
Heap:
 PSYoungGen      total 493056K, used 335701K [0x00000000e0000000, 0x0000000100000000, 0x0000000100000000)
  eden space 462848K, 68% used [0x00000000e0000000,0x00000000f36f8828,0x00000000fc400000)
  from space 30208K, 57% used [0x00000000fe280000,0x00000000ff35cf60,0x0000000100000000)
  to   space 30720K, 0% used [0x00000000fc400000,0x00000000fc400000,0x00000000fe200000)
 ParOldGen       total 115712K, used 90334K [0x00000000a0000000, 0x00000000a7100000, 0x00000000e0000000)
  object space 115712K, 78% used [0x00000000a0000000,0x00000000a5837a48,0x00000000a7100000)
 Metaspace       used 92590K, capacity 96868K, committed 97024K, reserved 1134592K
  class space    used 11629K, capacity 12473K, committed 12544K, reserved 1048576K
GC Heap History (10 events):
Event: 2190.787 GC heap before
{Heap before GC invocations=27 (full 3):
 PSYoungGen      total 323072K, used 313692K [0x00000000e0000000, 0x00000000f9600000, 0x0000000100000000)
  eden space 302592K, 100% used [0x00000000e0000000,0x00000000f2780000,0x00000000f2780000)
  from space 20480K, 54% used [0x00000000f2780000,0x00000000f32570b8,0x00000000f3b80000)
  to   space 19968K, 0% used [0x00000000f8280000,0x00000000f8280000,0x00000000f9600000)
 ParOldGen       total 115712K, used 55060K [0x00000000a0000000, 0x00000000a7100000, 0x00000000e0000000)
  object space 115712K, 47% used [0x00000000a0000000,0x00000000a35c5168,0x00000000a7100000)
 Metaspace       used 88719K, capacity 92562K, committed 92800K, reserved 1130496K
  class space    used 11275K, capacity 12086K, committed 12160K, reserved 1048576K
Event: 2191.021 GC heap after
Heap after GC invocations=27 (full 3):
 PSYoungGen      total 384512K, used 19952K [0x00000000e0000000, 0x00000000fa900000, 0x0000000100000000)
  eden space 364544K, 0% used [0x00000000e0000000,0x00000000e0000000,0x00000000f6400000)
  from space 19968K, 99% used [0x00000000f8280000,0x00000000f95fc288,0x00000000f9600000)
  to   space 31232K, 0% used [0x00000000f6400000,0x00000000f6400000,0x00000000f8280000)
 ParOldGen       total 115712K, used 77090K [0x00000000a0000000, 0x00000000a7100000, 0x00000000e0000000)
  object space 115712K, 66% used [0x00000000a0000000,0x00000000a4b48910,0x00000000a7100000)
 Metaspace       used 88719K, capacity 92562K, committed 92800K, reserved 1130496K
  class space    used 11275K, capacity 12086K, committed 12160K, reserved 1048576K
}
Event: 2209.537 GC heap before
{Heap before GC invocations=28 (full 3):
 PSYoungGen      total 384512K, used 383879K [0x00000000e0000000, 0x00000000fa900000, 0x0000000100000000)
  eden space 364544K, 99% used [0x00000000e0000000,0x00000000f6365ad8,0x00000000f6400000)
  from space 19968K, 99% used [0x00000000f8280000,0x00000000f95fc288,0x00000000f9600000)
  to   space 31232K, 0% used [0x00000000f6400000,0x00000000f6400000,0x00000000f8280000)
 ParOldGen       total 115712K, used 77090K [0x00000000a0000000, 0x00000000a7100000, 0x00000000e0000000)
  object space 115712K, 66% used [0x00000000a0000000,0x00000000a4b48910,0x00000000a7100000)
 Metaspace       used 89371K, capacity 93200K, committed 93312K, reserved 1130496K
  class space    used 11350K, capacity 12135K, committed 12160K, reserved 1048576K
Event: 2209.628 GC heap after
Heap after GC invocations=28 (full 3):
 PSYoungGen      total 395776K, used 15354K [0x00000000e0000000, 0x00000000fd780000, 0x0000000100000000)
  eden space 364544K, 0% used [0x00000000e0000000,0x00000000e0000000,0x00000000f6400000)
  from space 31232K, 49% used [0x00000000f6400000,0x00000000f72fe828,0x00000000f8280000)
  to   space 30720K, 0% used [0x00000000fb980000,0x00000000fb980000,0x00000000fd780000)
 ParOldGen       total 115712K, used 88010K [0x00000000a0000000, 0x00000000a7100000, 0x00000000e0000000)
  object space 115712K, 76% used [0x00000000a0000000,0x00000000a55f2ba8,0x00000000a7100000)
 Metaspace       used 89371K, capacity 93200K, committed 93312K, reserved 1130496K
  class space    used 11350K, capacity 12135K, committed 12160K, reserved 1048576K
}
Event: 2210.002 GC heap before
{Heap before GC invocations=29 (full 3):
 PSYoungGen      total 395776K, used 378957K [0x00000000e0000000, 0x00000000fd780000, 0x0000000100000000)
  eden space 364544K, 99% used [0x00000000e0000000,0x00000000f6314ec8,0x00000000f6400000)
  from space 31232K, 49% used [0x00000000f6400000,0x00000000f72fe828,0x00000000f8280000)
  to   space 30720K, 0% used [0x00000000fb980000,0x00000000fb980000,0x00000000fd780000)
 ParOldGen       total 115712K, used 88010K [0x00000000a0000000, 0x00000000a7100000, 0x00000000e0000000)
  object space 115712K, 76% used [0x00000000a0000000,0x00000000a55f2ba8,0x00000000a7100000)
 Metaspace       used 89371K, capacity 93200K, committed 93312K, reserved 1130496K
  class space    used 11350K, capacity 12135K, committed 12160K, reserved 1048576K
Event: 2210.009 GC heap after
Heap after GC invocations=29 (full 3):
 PSYoungGen      total 448000K, used 64K [0x00000000e0000000, 0x00000000fd580000, 0x0000000100000000)
  eden space 419328K, 0% used [0x00000000e0000000,0x00000000e0000000,0x00000000f9980000)
  from space 28672K, 0% used [0x00000000fb980000,0x00000000fb990000,0x00000000fd580000)
  to   space 30720K, 0% used [0x00000000f9980000,0x00000000f9980000,0x00000000fb780000)
 ParOldGen       total 115712K, used 90286K [0x00000000a0000000, 0x00000000a7100000, 0x00000000e0000000)
  object space 115712K, 78% used [0x00000000a0000000,0x00000000a582ba48,0x00000000a7100000)
 Metaspace       used 89371K, capacity 93200K, committed 93312K, reserved 1130496K
  class space    used 11350K, capacity 12135K, committed 12160K, reserved 1048576K
}
Event: 2729.706 GC heap before
{Heap before GC invocations=30 (full 3):
 PSYoungGen      total 448000K, used 419392K [0x00000000e0000000, 0x00000000fd580000, 0x0000000100000000)
  eden space 419328K, 100% used [0x00000000e0000000,0x00000000f9980000,0x00000000f9980000)
  from space 28672K, 0% used [0x00000000fb980000,0x00000000fb990000,0x00000000fd580000)
  to   space 30720K, 0% used [0x00000000f9980000,0x00000000f9980000,0x00000000fb780000)
 ParOldGen       total 115712K, used 90286K [0x00000000a0000000, 0x00000000a7100000, 0x00000000e0000000)
  object space 115712K, 78% used [0x00000000a0000000,0x00000000a582ba48,0x00000000a7100000)
 Metaspace       used 91612K, capacity 95742K, committed 96000K, reserved 1132544K
  class space    used 11593K, capacity 12436K, committed 12544K, reserved 1048576K
Event: 2729.752 GC heap after
Heap after GC invocations=30 (full 3):
 PSYoungGen      total 450048K, used 14792K [0x00000000e0000000, 0x0000000100000000, 0x0000000100000000)
  eden space 419328K, 0% used [0x00000000e0000000,0x00000000e0000000,0x00000000f9980000)
  from space 30720K, 48% used [0x00000000f9980000,0x00000000fa7f23c0,0x00000000fb780000)
  to   space 30208K, 0% used [0x00000000fe280000,0x00000000fe280000,0x0000000100000000)
 ParOldGen       total 115712K, used 90326K [0x00000000a0000000, 0x00000000a7100000, 0x00000000e0000000)
  object space 115712K, 78% used [0x00000000a0000000,0x00000000a5835a48,0x00000000a7100000)
 Metaspace       used 91612K, capacity 95742K, committed 96000K, reserved 1132544K
  class space    used 11593K, capacity 12436K, committed 12544K, reserved 1048576K
}
Event: 3451.036 GC heap before
{Heap before GC invocations=31 (full 3):
 PSYoungGen      total 450048K, used 434120K [0x00000000e0000000, 0x0000000100000000, 0x0000000100000000)
  eden space 419328K, 100% used [0x00000000e0000000,0x00000000f9980000,0x00000000f9980000)
  from space 30720K, 48% used [0x00000000f9980000,0x00000000fa7f23c0,0x00000000fb780000)
  to   space 30208K, 0% used [0x00000000fe280000,0x00000000fe280000,0x0000000100000000)
 ParOldGen       total 115712K, used 90326K [0x00000000a0000000, 0x00000000a7100000, 0x00000000e0000000)
  object space 115712K, 78% used [0x00000000a0000000,0x00000000a5835a48,0x00000000a7100000)
 Metaspace       used 92221K, capacity 96480K, committed 96768K, reserved 1134592K
  class space    used 11625K, capacity 12473K, committed 12544K, reserved 1048576K
Event: 3451.088 GC heap after
Heap after GC invocations=31 (full 3):
 PSYoungGen      total 493056K, used 17267K [0x00000000e0000000, 0x0000000100000000, 0x0000000100000000)
  eden space 462848K, 0% used [0x00000000e0000000,0x00000000e0000000,0x00000000fc400000)
  from space 30208K, 57% used [0x00000000fe280000,0x00000000ff35cf60,0x0000000100000000)
  to   space 30720K, 0% used [0x00000000fc400000,0x00000000fc400000,0x00000000fe200000)
 ParOldGen       total 115712K, used 90334K [0x00000000a0000000, 0x00000000a7100000, 0x00000000e0000000)
  object space 115712K, 78% used [0x00000000a0000000,0x00000000a5837a48,0x00000000a7100000)
 Metaspace       used 92221K, capacity 96480K, committed 96768K, reserved 1134592K
  class space    used 11625K, capacity 12473K, committed 12544K, reserved 1048576K
}

